2012-12-08 12:45:30,824 - RuntimeInstance initializing.
2012-12-08 12:45:30,824 - Default Properties File: org\apache\velocity\runtime\defaults\velocity.properties
2012-12-08 12:45:30,824 - Trying to use logger class org.apache.velocity.runtime.log.SimpleLog4JLogSystem
2012-12-08 12:45:30,825 - LogSystem has been deprecated. Please use a LogChute implementation.
2012-12-08 12:45:30,827 - Default ResourceManager initializing. (class org.apache.velocity.runtime.resource.ResourceManagerImpl)
2012-12-08 12:45:30,830 - ResourceLoader instantiated: org.apache.velocity.runtime.resource.loader.FileResourceLoader
2012-12-08 12:45:30,832 - FileResourceLoader : initialization starting.
2012-12-08 12:45:30,832 - Do unicode file recognition:  false
2012-12-08 12:45:30,832 - FileResourceLoader : adding path '.'
2012-12-08 12:45:30,832 - FileResourceLoader : initialization complete.
2012-12-08 12:45:30,833 - ResourceLoader instantiated: org.apache.velocity.runtime.resource.loader.ClasspathResourceLoader
2012-12-08 12:45:30,833 - ClasspathResourceLoader : initialization complete.
2012-12-08 12:45:30,849 - ResourceCache: initialized (class org.apache.velocity.runtime.resource.ResourceCacheImpl) with class java.util.Collections$SynchronizedMap cache map.
2012-12-08 12:45:30,849 - Default ResourceManager initialization complete.
2012-12-08 12:45:30,851 - Loaded System Directive: org.apache.velocity.runtime.directive.Stop
2012-12-08 12:45:30,853 - Loaded System Directive: org.apache.velocity.runtime.directive.Define
2012-12-08 12:45:30,855 - Loaded System Directive: org.apache.velocity.runtime.directive.Break
2012-12-08 12:45:30,856 - Loaded System Directive: org.apache.velocity.runtime.directive.Evaluate
2012-12-08 12:45:30,857 - Loaded System Directive: org.apache.velocity.runtime.directive.Literal
2012-12-08 12:45:30,858 - Loaded System Directive: org.apache.velocity.runtime.directive.Macro
2012-12-08 12:45:30,860 - Loaded System Directive: org.apache.velocity.runtime.directive.Parse
2012-12-08 12:45:30,862 - Loaded System Directive: org.apache.velocity.runtime.directive.Include
2012-12-08 12:45:30,864 - Loaded System Directive: org.apache.velocity.runtime.directive.Foreach
2012-12-08 12:45:30,895 - Created '20' parsers.
2012-12-08 12:45:30,901 - Velocimacro : initialization starting.
2012-12-08 12:45:30,901 - Velocimacro : "velocimacro.library" is not set.  Trying default library: VM_global_library.vm
2012-12-08 12:45:30,902 - Could not load resource 'VM_global_library.vm' from ResourceLoader org.apache.velocity.runtime.resource.loader.ClasspathResourceLoader: ClasspathResourceLoader Error: cannot find resource VM_global_library.vm
2012-12-08 12:45:30,902 - Velocimacro : Default library not found.
2012-12-08 12:45:30,902 - Velocimacro : allowInline = true : VMs can be defined inline in templates
2012-12-08 12:45:30,902 - Velocimacro : allowInlineToOverride = false : VMs defined inline may NOT replace previous VM definitions
2012-12-08 12:45:30,902 - Velocimacro : allowInlineLocal = false : VMs defined inline will be global in scope if allowed.
2012-12-08 12:45:30,902 - Velocimacro : autoload off : VM system will not automatically reload global library macros
2012-12-08 12:45:30,902 - Velocimacro : Velocimacro : initialization complete.
2012-12-08 12:45:30,902 - RuntimeInstance successfully initialized.
2012-12-08 12:48:59,306 - SimpleLog4JLogSystem initialized using logfile 'velocity.log'
2012-12-08 12:48:59,306 - Initializing Velocity, Calling init()...
2012-12-08 12:48:59,306 - *******************************************************************
2012-12-08 12:48:59,307 - Starting Apache Velocity v1.7 (compiled: 2010-11-19 12:14:37)
2012-12-08 12:48:59,307 - RuntimeInstance initializing.
2012-12-08 12:48:59,307 - Default Properties File: org\apache\velocity\runtime\defaults\velocity.properties
2012-12-08 12:48:59,307 - Trying to use logger class org.apache.velocity.runtime.log.SimpleLog4JLogSystem
2012-12-08 12:48:59,307 - LogSystem has been deprecated. Please use a LogChute implementation.
2012-12-08 12:48:59,309 - Default ResourceManager initializing. (class org.apache.velocity.runtime.resource.ResourceManagerImpl)
2012-12-08 12:48:59,313 - ResourceLoader instantiated: org.apache.velocity.runtime.resource.loader.FileResourceLoader
2012-12-08 12:48:59,315 - FileResourceLoader : initialization starting.
2012-12-08 12:48:59,315 - Do unicode file recognition:  false
2012-12-08 12:48:59,315 - FileResourceLoader : adding path '.'
2012-12-08 12:48:59,315 - FileResourceLoader : initialization complete.
2012-12-08 12:48:59,316 - ResourceLoader instantiated: org.apache.velocity.runtime.resource.loader.ClasspathResourceLoader
2012-12-08 12:48:59,317 - ClasspathResourceLoader : initialization complete.
2012-12-08 12:48:59,334 - ResourceCache: initialized (class org.apache.velocity.runtime.resource.ResourceCacheImpl) with class java.util.Collections$SynchronizedMap cache map.
2012-12-08 12:48:59,334 - Default ResourceManager initialization complete.
2012-12-08 12:48:59,335 - Loaded System Directive: org.apache.velocity.runtime.directive.Stop
2012-12-08 12:48:59,337 - Loaded System Directive: org.apache.velocity.runtime.directive.Define
2012-12-08 12:48:59,337 - Loaded System Directive: org.apache.velocity.runtime.directive.Break
2012-12-08 12:48:59,339 - Loaded System Directive: org.apache.velocity.runtime.directive.Evaluate
2012-12-08 12:48:59,340 - Loaded System Directive: org.apache.velocity.runtime.directive.Literal
2012-12-08 12:48:59,342 - Loaded System Directive: org.apache.velocity.runtime.directive.Macro
2012-12-08 12:48:59,344 - Loaded System Directive: org.apache.velocity.runtime.directive.Parse
2012-12-08 12:48:59,346 - Loaded System Directive: org.apache.velocity.runtime.directive.Include
2012-12-08 12:48:59,347 - Loaded System Directive: org.apache.velocity.runtime.directive.Foreach
2012-12-08 12:48:59,374 - Created '20' parsers.
2012-12-08 12:48:59,380 - Velocimacro : initialization starting.
2012-12-08 12:48:59,380 - Velocimacro : "velocimacro.library" is not set.  Trying default library: VM_global_library.vm
2012-12-08 12:48:59,381 - Could not load resource 'VM_global_library.vm' from ResourceLoader org.apache.velocity.runtime.resource.loader.ClasspathResourceLoader: ClasspathResourceLoader Error: cannot find resource VM_global_library.vm
2012-12-08 12:48:59,381 - Velocimacro : Default library not found.
2012-12-08 12:48:59,381 - Velocimacro : allowInline = true : VMs can be defined inline in templates
2012-12-08 12:48:59,381 - Velocimacro : allowInlineToOverride = false : VMs defined inline may NOT replace previous VM definitions
2012-12-08 12:48:59,381 - Velocimacro : allowInlineLocal = false : VMs defined inline will be global in scope if allowed.
2012-12-08 12:48:59,381 - Velocimacro : autoload off : VM system will not automatically reload global library macros
2012-12-08 12:48:59,381 - Velocimacro : Velocimacro : initialization complete.
2012-12-08 12:48:59,381 - RuntimeInstance successfully initialized.
2012-12-08 12:51:18,680 - SimpleLog4JLogSystem initialized using logfile 'velocity.log'
2012-12-08 12:51:18,681 - Initializing Velocity, Calling init()...
2012-12-08 12:51:18,681 - *******************************************************************
2012-12-08 12:51:18,681 - Starting Apache Velocity v1.7 (compiled: 2010-11-19 12:14:37)
2012-12-08 12:51:18,681 - RuntimeInstance initializing.
2012-12-08 12:51:18,681 - Default Properties File: org\apache\velocity\runtime\defaults\velocity.properties
2012-12-08 12:51:18,681 - Trying to use logger class org.apache.velocity.runtime.log.SimpleLog4JLogSystem
2012-12-08 12:51:18,681 - LogSystem has been deprecated. Please use a LogChute implementation.
2012-12-08 12:51:18,683 - Default ResourceManager initializing. (class org.apache.velocity.runtime.resource.ResourceManagerImpl)
2012-12-08 12:51:18,686 - ResourceLoader instantiated: org.apache.velocity.runtime.resource.loader.FileResourceLoader
2012-12-08 12:51:18,688 - FileResourceLoader : initialization starting.
2012-12-08 12:51:18,688 - Do unicode file recognition:  false
2012-12-08 12:51:18,688 - FileResourceLoader : adding path '.'
2012-12-08 12:51:18,688 - FileResourceLoader : initialization complete.
2012-12-08 12:51:18,689 - ResourceLoader instantiated: org.apache.velocity.runtime.resource.loader.ClasspathResourceLoader
2012-12-08 12:51:18,689 - ClasspathResourceLoader : initialization complete.
2012-12-08 12:51:18,701 - ResourceCache: initialized (class org.apache.velocity.runtime.resource.ResourceCacheImpl) with class java.util.Collections$SynchronizedMap cache map.
2012-12-08 12:51:18,701 - Default ResourceManager initialization complete.
2012-12-08 12:51:18,704 - Loaded System Directive: org.apache.velocity.runtime.directive.Stop
2012-12-08 12:51:18,705 - Loaded System Directive: org.apache.velocity.runtime.directive.Define
2012-12-08 12:51:18,706 - Loaded System Directive: org.apache.velocity.runtime.directive.Break
2012-12-08 12:51:18,707 - Loaded System Directive: org.apache.velocity.runtime.directive.Evaluate
2012-12-08 12:51:18,708 - Loaded System Directive: org.apache.velocity.runtime.directive.Literal
2012-12-08 12:51:18,709 - Loaded System Directive: org.apache.velocity.runtime.directive.Macro
2012-12-08 12:51:18,712 - Loaded System Directive: org.apache.velocity.runtime.directive.Parse
2012-12-08 12:51:18,714 - Loaded System Directive: org.apache.velocity.runtime.directive.Include
2012-12-08 12:51:18,716 - Loaded System Directive: org.apache.velocity.runtime.directive.Foreach
2012-12-08 12:51:18,748 - Created '20' parsers.
2012-12-08 12:51:18,756 - Velocimacro : initialization starting.
2012-12-08 12:51:18,756 - Velocimacro : "velocimacro.library" is not set.  Trying default library: VM_global_library.vm
2012-12-08 12:51:18,757 - Could not load resource 'VM_global_library.vm' from ResourceLoader org.apache.velocity.runtime.resource.loader.ClasspathResourceLoader: ClasspathResourceLoader Error: cannot find resource VM_global_library.vm
2012-12-08 12:51:18,757 - Velocimacro : Default library not found.
2012-12-08 12:51:18,757 - Velocimacro : allowInline = true : VMs can be defined inline in templates
2012-12-08 12:51:18,757 - Velocimacro : allowInlineToOverride = false : VMs defined inline may NOT replace previous VM definitions
2012-12-08 12:51:18,758 - Velocimacro : allowInlineLocal = false : VMs defined inline will be global in scope if allowed.
2012-12-08 12:51:18,758 - Velocimacro : autoload off : VM system will not automatically reload global library macros
2012-12-08 12:51:18,758 - Velocimacro : Velocimacro : initialization complete.
2012-12-08 12:51:18,758 - RuntimeInstance successfully initialized.
2012-12-08 12:52:09,955 - SimpleLog4JLogSystem initialized using logfile 'velocity.log'
2012-12-08 12:52:09,956 - Initializing Velocity, Calling init()...
2012-12-08 12:52:09,956 - *******************************************************************
2012-12-08 12:52:09,956 - Starting Apache Velocity v1.7 (compiled: 2010-11-19 12:14:37)
2012-12-08 12:52:09,956 - RuntimeInstance initializing.
2012-12-08 12:52:09,956 - Default Properties File: org\apache\velocity\runtime\defaults\velocity.properties
2012-12-08 12:52:09,956 - Trying to use logger class org.apache.velocity.runtime.log.SimpleLog4JLogSystem
2012-12-08 12:52:09,956 - LogSystem has been deprecated. Please use a LogChute implementation.
2012-12-08 12:52:09,959 - Default ResourceManager initializing. (class org.apache.velocity.runtime.resource.ResourceManagerImpl)
2012-12-08 12:52:09,964 - ResourceLoader instantiated: org.apache.velocity.runtime.resource.loader.FileResourceLoader
2012-12-08 12:52:09,965 - FileResourceLoader : initialization starting.
2012-12-08 12:52:09,965 - Do unicode file recognition:  false
2012-12-08 12:52:09,965 - FileResourceLoader : adding path '.'
2012-12-08 12:52:09,965 - FileResourceLoader : initialization complete.
2012-12-08 12:52:09,966 - ResourceLoader instantiated: org.apache.velocity.runtime.resource.loader.ClasspathResourceLoader
2012-12-08 12:52:09,966 - ClasspathResourceLoader : initialization complete.
2012-12-08 12:52:09,983 - ResourceCache: initialized (class org.apache.velocity.runtime.resource.ResourceCacheImpl) with class java.util.Collections$SynchronizedMap cache map.
2012-12-08 12:52:09,984 - Default ResourceManager initialization complete.
2012-12-08 12:52:09,985 - Loaded System Directive: org.apache.velocity.runtime.directive.Stop
2012-12-08 12:52:09,987 - Loaded System Directive: org.apache.velocity.runtime.directive.Define
2012-12-08 12:52:09,988 - Loaded System Directive: org.apache.velocity.runtime.directive.Break
2012-12-08 12:52:09,989 - Loaded System Directive: org.apache.velocity.runtime.directive.Evaluate
2012-12-08 12:52:09,990 - Loaded System Directive: org.apache.velocity.runtime.directive.Literal
2012-12-08 12:52:09,991 - Loaded System Directive: org.apache.velocity.runtime.directive.Macro
2012-12-08 12:52:09,993 - Loaded System Directive: org.apache.velocity.runtime.directive.Parse
2012-12-08 12:52:09,994 - Loaded System Directive: org.apache.velocity.runtime.directive.Include
2012-12-08 12:52:09,995 - Loaded System Directive: org.apache.velocity.runtime.directive.Foreach
2012-12-08 12:52:10,023 - Created '20' parsers.
2012-12-08 12:52:10,029 - Velocimacro : initialization starting.
2012-12-08 12:52:10,029 - Velocimacro : "velocimacro.library" is not set.  Trying default library: VM_global_library.vm
2012-12-08 12:52:10,030 - Could not load resource 'VM_global_library.vm' from ResourceLoader org.apache.velocity.runtime.resource.loader.ClasspathResourceLoader: ClasspathResourceLoader Error: cannot find resource VM_global_library.vm
2012-12-08 12:52:10,030 - Velocimacro : Default library not found.
2012-12-08 12:52:10,030 - Velocimacro : allowInline = true : VMs can be defined inline in templates
2012-12-08 12:52:10,030 - Velocimacro : allowInlineToOverride = false : VMs defined inline may NOT replace previous VM definitions
2012-12-08 12:52:10,030 - Velocimacro : allowInlineLocal = false : VMs defined inline will be global in scope if allowed.
2012-12-08 12:52:10,030 - Velocimacro : autoload off : VM system will not automatically reload global library macros
2012-12-08 12:52:10,030 - Velocimacro : Velocimacro : initialization complete.
2012-12-08 12:52:10,030 - RuntimeInstance successfully initialized.
2012-12-08 13:58:25,141 - SimpleLog4JLogSystem initialized using logfile 'velocity.log'
2012-12-08 13:58:25,142 - Initializing Velocity, Calling init()...
2012-12-08 13:58:25,143 - *******************************************************************
2012-12-08 13:58:25,143 - Starting Apache Velocity v1.7 (compiled: 2010-11-19 12:14:37)
2012-12-08 13:58:25,143 - RuntimeInstance initializing.
2012-12-08 13:58:25,143 - Default Properties File: org/apache/velocity/runtime/defaults/velocity.properties
2012-12-08 13:58:25,143 - Trying to use logger class org.apache.velocity.runtime.log.SimpleLog4JLogSystem
2012-12-08 13:58:25,143 - LogSystem has been deprecated. Please use a LogChute implementation.
2012-12-08 13:58:25,148 - Default ResourceManager initializing. (class org.apache.velocity.runtime.resource.ResourceManagerImpl)
2012-12-08 13:58:25,154 - ResourceLoader instantiated: org.apache.velocity.runtime.resource.loader.FileResourceLoader
2012-12-08 13:58:25,157 - FileResourceLoader : initialization starting.
2012-12-08 13:58:25,157 - Do unicode file recognition:  false
2012-12-08 13:58:25,157 - FileResourceLoader : adding path '.'
2012-12-08 13:58:25,157 - FileResourceLoader : initialization complete.
2012-12-08 13:58:25,159 - ResourceLoader instantiated: org.apache.velocity.runtime.resource.loader.ClasspathResourceLoader
2012-12-08 13:58:25,159 - ClasspathResourceLoader : initialization complete.
2012-12-08 13:58:25,214 - ResourceCache: initialized (class org.apache.velocity.runtime.resource.ResourceCacheImpl) with class java.util.Collections$SynchronizedMap cache map.
2012-12-08 13:58:25,214 - Default ResourceManager initialization complete.
2012-12-08 13:58:25,218 - Loaded System Directive: org.apache.velocity.runtime.directive.Stop
2012-12-08 13:58:25,220 - Loaded System Directive: org.apache.velocity.runtime.directive.Define
2012-12-08 13:58:25,222 - Loaded System Directive: org.apache.velocity.runtime.directive.Break
2012-12-08 13:58:25,224 - Loaded System Directive: org.apache.velocity.runtime.directive.Evaluate
2012-12-08 13:58:25,226 - Loaded System Directive: org.apache.velocity.runtime.directive.Literal
2012-12-08 13:58:25,229 - Loaded System Directive: org.apache.velocity.runtime.directive.Macro
2012-12-08 13:58:25,231 - Loaded System Directive: org.apache.velocity.runtime.directive.Parse
2012-12-08 13:58:25,233 - Loaded System Directive: org.apache.velocity.runtime.directive.Include
2012-12-08 13:58:25,235 - Loaded System Directive: org.apache.velocity.runtime.directive.Foreach
2012-12-08 13:58:25,282 - Created '20' parsers.
2012-12-08 13:58:25,313 - Velocimacro : initialization starting.
2012-12-08 13:58:25,313 - Velocimacro : "velocimacro.library" is not set.  Trying default library: VM_global_library.vm
2012-12-08 13:58:25,315 - Could not load resource 'VM_global_library.vm' from ResourceLoader org.apache.velocity.runtime.resource.loader.ClasspathResourceLoader: ClasspathResourceLoader Error: cannot find resource VM_global_library.vm
2012-12-08 13:58:25,315 - Velocimacro : Default library not found.
2012-12-08 13:58:25,315 - Velocimacro : allowInline = true : VMs can be defined inline in templates
2012-12-08 13:58:25,315 - Velocimacro : allowInlineToOverride = false : VMs defined inline may NOT replace previous VM definitions
2012-12-08 13:58:25,315 - Velocimacro : allowInlineLocal = false : VMs defined inline will be global in scope if allowed.
2012-12-08 13:58:25,315 - Velocimacro : autoload off : VM system will not automatically reload global library macros
2012-12-08 13:58:25,316 - Velocimacro : Velocimacro : initialization complete.
2012-12-08 13:58:25,316 - RuntimeInstance successfully initialized.
2012-12-08 14:00:00,664 - SimpleLog4JLogSystem initialized using logfile 'velocity.log'
2012-12-08 14:00:00,665 - Initializing Velocity, Calling init()...
2012-12-08 14:00:00,665 - *******************************************************************
2012-12-08 14:00:00,665 - Starting Apache Velocity v1.7 (compiled: 2010-11-19 12:14:37)
2012-12-08 14:00:00,665 - RuntimeInstance initializing.
2012-12-08 14:00:00,665 - Default Properties File: org/apache/velocity/runtime/defaults/velocity.properties
2012-12-08 14:00:00,665 - Trying to use logger class org.apache.velocity.runtime.log.SimpleLog4JLogSystem
2012-12-08 14:00:00,665 - LogSystem has been deprecated. Please use a LogChute implementation.
2012-12-08 14:00:00,670 - Default ResourceManager initializing. (class org.apache.velocity.runtime.resource.ResourceManagerImpl)
2012-12-08 14:00:00,677 - ResourceLoader instantiated: org.apache.velocity.runtime.resource.loader.FileResourceLoader
2012-12-08 14:00:00,679 - FileResourceLoader : initialization starting.
2012-12-08 14:00:00,679 - Do unicode file recognition:  false
2012-12-08 14:00:00,679 - FileResourceLoader : adding path '.'
2012-12-08 14:00:00,680 - FileResourceLoader : initialization complete.
2012-12-08 14:00:00,681 - ResourceLoader instantiated: org.apache.velocity.runtime.resource.loader.ClasspathResourceLoader
2012-12-08 14:00:00,682 - ClasspathResourceLoader : initialization complete.
2012-12-08 14:00:00,705 - ResourceCache: initialized (class org.apache.velocity.runtime.resource.ResourceCacheImpl) with class java.util.Collections$SynchronizedMap cache map.
2012-12-08 14:00:00,705 - Default ResourceManager initialization complete.
2012-12-08 14:00:00,708 - Loaded System Directive: org.apache.velocity.runtime.directive.Stop
2012-12-08 14:00:00,711 - Loaded System Directive: org.apache.velocity.runtime.directive.Define
2012-12-08 14:00:00,713 - Loaded System Directive: org.apache.velocity.runtime.directive.Break
2012-12-08 14:00:00,715 - Loaded System Directive: org.apache.velocity.runtime.directive.Evaluate
2012-12-08 14:00:00,716 - Loaded System Directive: org.apache.velocity.runtime.directive.Literal
2012-12-08 14:00:00,719 - Loaded System Directive: org.apache.velocity.runtime.directive.Macro
2012-12-08 14:00:00,722 - Loaded System Directive: org.apache.velocity.runtime.directive.Parse
2012-12-08 14:00:00,725 - Loaded System Directive: org.apache.velocity.runtime.directive.Include
2012-12-08 14:00:00,728 - Loaded System Directive: org.apache.velocity.runtime.directive.Foreach
2012-12-08 14:00:00,775 - Created '20' parsers.
2012-12-08 14:00:00,785 - Velocimacro : initialization starting.
2012-12-08 14:00:00,785 - Velocimacro : "velocimacro.library" is not set.  Trying default library: VM_global_library.vm
2012-12-08 14:00:00,786 - Could not load resource 'VM_global_library.vm' from ResourceLoader org.apache.velocity.runtime.resource.loader.ClasspathResourceLoader: ClasspathResourceLoader Error: cannot find resource VM_global_library.vm
2012-12-08 14:00:00,787 - Velocimacro : Default library not found.
2012-12-08 14:00:00,787 - Velocimacro : allowInline = true : VMs can be defined inline in templates
2012-12-08 14:00:00,787 - Velocimacro : allowInlineToOverride = false : VMs defined inline may NOT replace previous VM definitions
2012-12-08 14:00:00,787 - Velocimacro : allowInlineLocal = false : VMs defined inline will be global in scope if allowed.
2012-12-08 14:00:00,787 - Velocimacro : autoload off : VM system will not automatically reload global library macros
2012-12-08 14:00:00,787 - Velocimacro : Velocimacro : initialization complete.
2012-12-08 14:00:00,787 - RuntimeInstance successfully initialized.
